<?xml version="1.0" encoding="UTF-8"?>
<coverage generated="1781178517">
  <project timestamp="1781178517" name="Clover Coverage">
    <package name="Amtgard\IdP\Controllers\Api">
      <file name="/var/www/idp.amtgard.com/src/Controllers/Api/ApiController.php">
        <class name="Amtgard\IdP\Controllers\Api\ApiController" namespace="Amtgard\IdP\Controllers\Api">
          <metrics complexity="1" methods="1" coveredmethods="1" conditionals="0" coveredconditionals="0" statements="8" coveredstatements="8" elements="9" coveredelements="9"/>
        </class>
        <line num="16" type="method" name="isAuthorized" visibility="public" complexity="1" crap="1" count="1"/>
        <line num="18" type="stmt" count="1"/>
        <line num="19" type="stmt" count="1"/>
        <line num="20" type="stmt" count="1"/>
        <line num="22" type="stmt" count="1"/>
        <line num="23" type="stmt" count="1"/>
        <line num="25" type="stmt" count="1"/>
        <line num="27" type="stmt" count="1"/>
        <line num="28" type="stmt" count="1"/>
        <metrics loc="31" ncloc="31" classes="1" methods="1" coveredmethods="1" conditionals="0" coveredconditionals="0" statements="8" coveredstatements="8" elements="9" coveredelements="9"/>
      </file>
    </package>
    <package name="Amtgard\IdP\Controllers\Client">
      <file name="/var/www/idp.amtgard.com/src/Controllers/Client/AuthController.php">
        <class name="Amtgard\IdP\Controllers\Client\AuthController" namespace="Amtgard\IdP\Controllers\Client">
          <metrics complexity="34" methods="11" coveredmethods="9" conditionals="0" coveredconditionals="0" statements="91" coveredstatements="72" elements="102" coveredelements="81"/>
        </class>
        <line num="31" type="method" name="__construct" visibility="public" complexity="1" crap="1" count="11"/>
        <line num="43" type="stmt" count="11"/>
        <line num="44" type="stmt" count="11"/>
        <line num="45" type="stmt" count="11"/>
        <line num="46" type="stmt" count="11"/>
        <line num="47" type="stmt" count="11"/>
        <line num="48" type="stmt" count="11"/>
        <line num="49" type="stmt" count="11"/>
        <line num="59" type="method" name="loginForm" visibility="public" complexity="2" crap="2" count="1"/>
        <line num="61" type="stmt" count="1"/>
        <line num="62" type="stmt" count="1"/>
        <line num="67" type="stmt" count="1"/>
        <line num="68" type="stmt" count="1"/>
        <line num="70" type="stmt" count="1"/>
        <line num="71" type="stmt" count="1"/>
        <line num="72" type="stmt" count="1"/>
        <line num="73" type="stmt" count="1"/>
        <line num="74" type="stmt" count="1"/>
        <line num="84" type="method" name="login" visibility="public" complexity="2" crap="2" count="3"/>
        <line num="86" type="stmt" count="3"/>
        <line num="87" type="stmt" count="3"/>
        <line num="88" type="stmt" count="3"/>
        <line num="90" type="stmt" count="3"/>
        <line num="91" type="stmt" count="3"/>
        <line num="92" type="stmt" count="3"/>
        <line num="94" type="stmt" count="3"/>
        <line num="95" type="stmt" count="3"/>
        <line num="96" type="stmt" count="3"/>
        <line num="97" type="stmt" count="3"/>
        <line num="100" type="stmt" count="3"/>
        <line num="102" type="stmt" count="1"/>
        <line num="103" type="stmt" count="1"/>
        <line num="104" type="stmt" count="1"/>
        <line num="105" type="stmt" count="1"/>
        <line num="109" type="stmt" count="2"/>
        <line num="119" type="method" name="registerForm" visibility="public" complexity="1" crap="1" count="1"/>
        <line num="121" type="stmt" count="1"/>
        <line num="122" type="stmt" count="1"/>
        <line num="125" type="method" name="validateRequiredFields" visibility="private" complexity="5" crap="5" count="5"/>
        <line num="127" type="stmt" count="5"/>
        <line num="128" type="stmt" count="1"/>
        <line num="130" type="stmt" count="4"/>
        <line num="133" type="method" name="validateEmailFormat" visibility="private" complexity="2" crap="2" count="4"/>
        <line num="135" type="stmt" count="4"/>
        <line num="136" type="stmt" count="1"/>
        <line num="138" type="stmt" count="3"/>
        <line num="141" type="method" name="validatePasswordsMatch" visibility="private" complexity="2" crap="2" count="3"/>
        <line num="143" type="stmt" count="3"/>
        <line num="144" type="stmt" count="1"/>
        <line num="146" type="stmt" count="2"/>
        <line num="149" type="method" name="validateEmailIsUnique" visibility="private" complexity="2" crap="2" count="2"/>
        <line num="151" type="stmt" count="2"/>
        <line num="152" type="stmt" count="1"/>
        <line num="154" type="stmt" count="1"/>
        <line num="164" type="method" name="register" visibility="public" complexity="2" crap="2" count="5"/>
        <line num="166" type="stmt" count="5"/>
        <line num="167" type="stmt" count="5"/>
        <line num="168" type="stmt" count="5"/>
        <line num="169" type="stmt" count="5"/>
        <line num="170" type="stmt" count="5"/>
        <line num="171" type="stmt" count="5"/>
        <line num="173" type="stmt" count="5"/>
        <line num="174" type="stmt" count="5"/>
        <line num="175" type="stmt" count="5"/>
        <line num="176" type="stmt" count="4"/>
        <line num="178" type="stmt" count="5"/>
        <line num="179" type="stmt" count="4"/>
        <line num="180" type="stmt" count="4"/>
        <line num="184" type="stmt" count="1"/>
        <line num="185" type="stmt" count="1"/>
        <line num="187" type="stmt" count="1"/>
        <line num="197" type="method" name="logout" visibility="public" complexity="4" crap="4.01" count="1"/>
        <line num="200" type="stmt" count="1"/>
        <line num="201" type="stmt" count="1"/>
        <line num="204" type="stmt" count="1"/>
        <line num="205" type="stmt" count="1"/>
        <line num="206" type="stmt" count="1"/>
        <line num="207" type="stmt" count="0"/>
        <line num="211" type="stmt" count="1"/>
        <line num="212" type="stmt" count="1"/>
        <line num="213" type="stmt" count="1"/>
        <line num="214" type="stmt" count="1"/>
        <line num="215" type="stmt" count="1"/>
        <line num="223" type="method" name="isAllowedPostLogoutUri" visibility="private" complexity="11" crap="132" count="0"/>
        <line num="225" type="stmt" count="0"/>
        <line num="226" type="stmt" count="0"/>
        <line num="227" type="stmt" count="0"/>
        <line num="229" type="stmt" count="0"/>
        <line num="230" type="stmt" count="0"/>
        <line num="231" type="stmt" count="0"/>
        <line num="232" type="stmt" count="0"/>
        <line num="234" type="stmt" count="0"/>
        <line num="235" type="stmt" count="0"/>
        <line num="237" type="stmt" count="0"/>
        <line num="238" type="stmt" count="0"/>
        <line num="240" type="stmt" count="0"/>
        <line num="241" type="stmt" count="0"/>
        <line num="243" type="stmt" count="0"/>
        <line num="244" type="stmt" count="0"/>
        <line num="246" type="stmt" count="0"/>
        <line num="247" type="stmt" count="0"/>
        <line num="248" type="stmt" count="0"/>
        <metrics loc="250" ncloc="199" classes="1" methods="11" coveredmethods="9" conditionals="0" coveredconditionals="0" statements="91" coveredstatements="72" elements="102" coveredelements="81"/>
      </file>
      <file name="/var/www/idp.amtgard.com/src/Controllers/Client/BaseAuthController.php">
        <class name="Amtgard\IdP\Controllers\Client\BaseAuthController" namespace="Amtgard\IdP\Controllers\Client">
          <metrics complexity="5" methods="2" coveredmethods="1" conditionals="0" coveredconditionals="0" statements="36" coveredstatements="35" elements="38" coveredelements="36"/>
        </class>
        <line num="22" type="method" name="__construct" visibility="public" complexity="1" crap="1" count="11"/>
        <line num="24" type="stmt" count="11"/>
        <line num="25" type="stmt" count="11"/>
        <line num="28" type="method" name="finalizeAuthorization" visibility="protected" complexity="4" crap="4" count="3"/>
        <line num="30" type="stmt" count="3"/>
        <line num="31" type="stmt" count="3"/>
        <line num="32" type="stmt" count="3"/>
        <line num="33" type="stmt" count="3"/>
        <line num="34" type="stmt" count="3"/>
        <line num="35" type="stmt" count="3"/>
        <line num="36" type="stmt" count="3"/>
        <line num="37" type="stmt" count="3"/>
        <line num="41" type="stmt" count="3"/>
        <line num="42" type="stmt" count="3"/>
        <line num="44" type="stmt" count="3"/>
        <line num="46" type="stmt" count="3"/>
        <line num="47" type="stmt" count="1"/>
        <line num="48" type="stmt" count="1"/>
        <line num="49" type="stmt" count="1"/>
        <line num="50" type="stmt" count="1"/>
        <line num="51" type="stmt" count="1"/>
        <line num="52" type="stmt" count="1"/>
        <line num="54" type="stmt" count="1"/>
        <line num="55" type="stmt" count="1"/>
        <line num="56" type="stmt" count="1"/>
        <line num="57" type="stmt" count="1"/>
        <line num="58" type="stmt" count="1"/>
        <line num="59" type="stmt" count="1"/>
        <line num="60" type="stmt" count="1"/>
        <line num="63" type="stmt" count="2"/>
        <line num="64" type="stmt" count="2"/>
        <line num="65" type="stmt" count="2"/>
        <line num="66" type="stmt" count="2"/>
        <line num="67" type="stmt" count="0"/>
        <line num="69" type="stmt" count="2"/>
        <line num="70" type="stmt" count="2"/>
        <line num="71" type="stmt" count="2"/>
        <line num="72" type="stmt" count="2"/>
        <metrics loc="75" ncloc="74" classes="1" methods="2" coveredmethods="1" conditionals="0" coveredconditionals="0" statements="36" coveredstatements="35" elements="38" coveredelements="36"/>
      </file>
      <file name="/var/www/idp.amtgard.com/src/Controllers/Client/ConnectController.php">
        <class name="Amtgard\IdP\Controllers\Client\ConnectController" namespace="Amtgard\IdP\Controllers\Client">
          <metrics complexity="41" methods="9" coveredmethods="0" conditionals="0" coveredconditionals="0" statements="171" coveredstatements="0" elements="180" coveredelements="0"/>
        </class>
        <line num="31" type="method" name="__construct" visibility="public" complexity="1" crap="2" count="0"/>
        <line num="40" type="stmt" count="0"/>
        <line num="42" type="method" name="showConnect" visibility="public" complexity="4" crap="20" count="0"/>
        <line num="44" type="stmt" count="0"/>
        <line num="45" type="stmt" count="0"/>
        <line num="46" type="stmt" count="0"/>
        <line num="48" type="stmt" count="0"/>
        <line num="49" type="stmt" count="0"/>
        <line num="54" type="stmt" count="0"/>
        <line num="55" type="stmt" count="0"/>
        <line num="56" type="stmt" count="0"/>
        <line num="58" type="stmt" count="0"/>
        <line num="60" type="stmt" count="0"/>
        <line num="61" type="stmt" count="0"/>
        <line num="63" type="stmt" count="0"/>
        <line num="64" type="stmt" count="0"/>
        <line num="65" type="stmt" count="0"/>
        <line num="66" type="stmt" count="0"/>
        <line num="67" type="stmt" count="0"/>
        <line num="68" type="stmt" count="0"/>
        <line num="69" type="stmt" count="0"/>
        <line num="72" type="method" name="submitConnectLogin" visibility="public" complexity="12" crap="156" count="0"/>
        <line num="74" type="stmt" count="0"/>
        <line num="75" type="stmt" count="0"/>
        <line num="76" type="stmt" count="0"/>
        <line num="83" type="stmt" count="0"/>
        <line num="84" type="stmt" count="0"/>
        <line num="85" type="stmt" count="0"/>
        <line num="87" type="stmt" count="0"/>
        <line num="90" type="stmt" count="0"/>
        <line num="91" type="stmt" count="0"/>
        <line num="92" type="stmt" count="0"/>
        <line num="93" type="stmt" count="0"/>
        <line num="94" type="stmt" count="0"/>
        <line num="95" type="stmt" count="0"/>
        <line num="96" type="stmt" count="0"/>
        <line num="104" type="stmt" count="0"/>
        <line num="105" type="stmt" count="0"/>
        <line num="106" type="stmt" count="0"/>
        <line num="107" type="stmt" count="0"/>
        <line num="108" type="stmt" count="0"/>
        <line num="109" type="stmt" count="0"/>
        <line num="110" type="stmt" count="0"/>
        <line num="111" type="stmt" count="0"/>
        <line num="113" type="stmt" count="0"/>
        <line num="114" type="stmt" count="0"/>
        <line num="118" type="stmt" count="0"/>
        <line num="119" type="stmt" count="0"/>
        <line num="120" type="stmt" count="0"/>
        <line num="121" type="stmt" count="0"/>
        <line num="122" type="stmt" count="0"/>
        <line num="124" type="stmt" count="0"/>
        <line num="125" type="stmt" count="0"/>
        <line num="126" type="stmt" count="0"/>
        <line num="127" type="stmt" count="0"/>
        <line num="128" type="stmt" count="0"/>
        <line num="129" type="stmt" count="0"/>
        <line num="130" type="stmt" count="0"/>
        <line num="131" type="stmt" count="0"/>
        <line num="132" type="stmt" count="0"/>
        <line num="133" type="stmt" count="0"/>
        <line num="134" type="stmt" count="0"/>
        <line num="135" type="stmt" count="0"/>
        <line num="136" type="stmt" count="0"/>
        <line num="137" type="stmt" count="0"/>
        <line num="138" type="stmt" count="0"/>
        <line num="142" type="stmt" count="0"/>
        <line num="143" type="stmt" count="0"/>
        <line num="145" type="stmt" count="0"/>
        <line num="146" type="stmt" count="0"/>
        <line num="148" type="stmt" count="0"/>
        <line num="149" type="stmt" count="0"/>
        <line num="152" type="method" name="submitConnectRegister" visibility="public" complexity="11" crap="132" count="0"/>
        <line num="154" type="stmt" count="0"/>
        <line num="155" type="stmt" count="0"/>
        <line num="156" type="stmt" count="0"/>
        <line num="157" type="stmt" count="0"/>
        <line num="163" type="stmt" count="0"/>
        <line num="164" type="stmt" count="0"/>
        <line num="165" type="stmt" count="0"/>
        <line num="167" type="stmt" count="0"/>
        <line num="169" type="stmt" count="0"/>
        <line num="170" type="stmt" count="0"/>
        <line num="177" type="stmt" count="0"/>
        <line num="178" type="stmt" count="0"/>
        <line num="179" type="stmt" count="0"/>
        <line num="180" type="stmt" count="0"/>
        <line num="181" type="stmt" count="0"/>
        <line num="182" type="stmt" count="0"/>
        <line num="183" type="stmt" count="0"/>
        <line num="185" type="stmt" count="0"/>
        <line num="186" type="stmt" count="0"/>
        <line num="189" type="stmt" count="0"/>
        <line num="196" type="stmt" count="0"/>
        <line num="197" type="stmt" count="0"/>
        <line num="198" type="stmt" count="0"/>
        <line num="199" type="stmt" count="0"/>
        <line num="200" type="stmt" count="0"/>
        <line num="201" type="stmt" count="0"/>
        <line num="202" type="stmt" count="0"/>
        <line num="203" type="stmt" count="0"/>
        <line num="205" type="stmt" count="0"/>
        <line num="206" type="stmt" count="0"/>
        <line num="216" type="stmt" count="0"/>
        <line num="217" type="stmt" count="0"/>
        <line num="218" type="stmt" count="0"/>
        <line num="219" type="stmt" count="0"/>
        <line num="220" type="stmt" count="0"/>
        <line num="221" type="stmt" count="0"/>
        <line num="222" type="stmt" count="0"/>
        <line num="223" type="stmt" count="0"/>
        <line num="224" type="stmt" count="0"/>
        <line num="225" type="stmt" count="0"/>
        <line num="227" type="stmt" count="0"/>
        <line num="228" type="stmt" count="0"/>
        <line num="233" type="stmt" count="0"/>
        <line num="234" type="stmt" count="0"/>
        <line num="235" type="stmt" count="0"/>
        <line num="236" type="stmt" count="0"/>
        <line num="237" type="stmt" count="0"/>
        <line num="238" type="stmt" count="0"/>
        <line num="239" type="stmt" count="0"/>
        <line num="243" type="stmt" count="0"/>
        <line num="244" type="stmt" count="0"/>
        <line num="246" type="stmt" count="0"/>
        <line num="247" type="stmt" count="0"/>
        <line num="249" type="stmt" count="0"/>
        <line num="250" type="stmt" count="0"/>
        <line num="259" type="method" name="redirectBackToOrk" visibility="private" complexity="2" crap="6" count="0"/>
        <line num="262" type="stmt" count="0"/>
        <line num="263" type="stmt" count="0"/>
        <line num="265" type="stmt" count="0"/>
        <line num="269" type="stmt" count="0"/>
        <line num="271" type="stmt" count="0"/>
        <line num="272" type="stmt" count="0"/>
        <line num="273" type="stmt" count="0"/>
        <line num="274" type="stmt" count="0"/>
        <line num="275" type="stmt" count="0"/>
        <line num="276" type="stmt" count="0"/>
        <line num="277" type="stmt" count="0"/>
        <line num="278" type="stmt" count="0"/>
        <line num="279" type="stmt" count="0"/>
        <line num="280" type="stmt" count="0"/>
        <line num="281" type="stmt" count="0"/>
        <line num="282" type="stmt" count="0"/>
        <line num="283" type="stmt" count="0"/>
        <line num="284" type="stmt" count="0"/>
        <line num="285" type="stmt" count="0"/>
        <line num="286" type="stmt" count="0"/>
        <line num="295" type="method" name="resolveOrkBaseUrl" visibility="private" complexity="7" crap="56" count="0"/>
        <line num="297" type="stmt" count="0"/>
        <line num="298" type="stmt" count="0"/>
        <line num="299" type="stmt" count="0"/>
        <line num="300" type="stmt" count="0"/>
        <line num="302" type="stmt" count="0"/>
        <line num="303" type="stmt" count="0"/>
        <line num="304" type="stmt" count="0"/>
        <line num="306" type="stmt" count="0"/>
        <line num="307" type="stmt" count="0"/>
        <line num="308" type="stmt" count="0"/>
        <line num="310" type="stmt" count="0"/>
        <line num="313" type="method" name="renderError" visibility="private" complexity="1" crap="2" count="0"/>
        <line num="315" type="stmt" count="0"/>
        <line num="316" type="stmt" count="0"/>
        <line num="317" type="stmt" count="0"/>
        <line num="318" type="stmt" count="0"/>
        <line num="319" type="stmt" count="0"/>
        <line num="320" type="stmt" count="0"/>
        <line num="321" type="stmt" count="0"/>
        <line num="329" type="method" name="renderFormError" visibility="private" complexity="1" crap="2" count="0"/>
        <line num="331" type="stmt" count="0"/>
        <line num="332" type="stmt" count="0"/>
        <line num="333" type="stmt" count="0"/>
        <line num="334" type="stmt" count="0"/>
        <line num="335" type="stmt" count="0"/>
        <line num="336" type="stmt" count="0"/>
        <line num="337" type="stmt" count="0"/>
        <line num="346" type="method" name="peekTokenForRender" visibility="private" complexity="2" crap="6" count="0"/>
        <line num="348" type="stmt" count="0"/>
        <line num="349" type="stmt" count="0"/>
        <metrics loc="352" ncloc="280" classes="1" methods="9" coveredmethods="0" conditionals="0" coveredconditionals="0" statements="171" coveredstatements="0" elements="180" coveredelements="0"/>
      </file>
      <file name="/var/www/idp.amtgard.com/src/Controllers/Client/DiscordAuthController.php">
        <class name="Amtgard\IdP\Controllers\Client\DiscordAuthController" namespace="Amtgard\IdP\Controllers\Client">
          <metrics complexity="7" methods="3" coveredmethods="0" conditionals="0" coveredconditionals="0" statements="54" coveredstatements="0" elements="57" coveredelements="0"/>
        </class>
        <line num="25" type="method" name="__construct" visibility="public" complexity="1" crap="2" count="0"/>
        <line num="33" type="stmt" count="0"/>
        <line num="34" type="stmt" count="0"/>
        <line num="35" type="stmt" count="0"/>
        <line num="36" type="stmt" count="0"/>
        <line num="47" type="method" name="redirectToDiscord" visibility="public" complexity="1" crap="2" count="0"/>
        <line num="49" type="stmt" count="0"/>
        <line num="50" type="stmt" count="0"/>
        <line num="51" type="stmt" count="0"/>
        <line num="53" type="stmt" count="0"/>
        <line num="55" type="stmt" count="0"/>
        <line num="56" type="stmt" count="0"/>
        <line num="57" type="stmt" count="0"/>
        <line num="59" type="stmt" count="0"/>
        <line num="60" type="stmt" count="0"/>
        <line num="61" type="stmt" count="0"/>
        <line num="71" type="method" name="handleDiscordCallback" visibility="public" complexity="5" crap="30" count="0"/>
        <line num="73" type="stmt" count="0"/>
        <line num="75" type="stmt" count="0"/>
        <line num="77" type="stmt" count="0"/>
        <line num="78" type="stmt" count="0"/>
        <line num="79" type="stmt" count="0"/>
        <line num="84" type="stmt" count="0"/>
        <line num="85" type="stmt" count="0"/>
        <line num="86" type="stmt" count="0"/>
        <line num="89" type="stmt" count="0"/>
        <line num="90" type="stmt" count="0"/>
        <line num="92" type="stmt" count="0"/>
        <line num="94" type="stmt" count="0"/>
        <line num="95" type="stmt" count="0"/>
        <line num="96" type="stmt" count="0"/>
        <line num="99" type="stmt" count="0"/>
        <line num="100" type="stmt" count="0"/>
        <line num="107" type="stmt" count="0"/>
        <line num="108" type="stmt" count="0"/>
        <line num="109" type="stmt" count="0"/>
        <line num="110" type="stmt" count="0"/>
        <line num="111" type="stmt" count="0"/>
        <line num="112" type="stmt" count="0"/>
        <line num="113" type="stmt" count="0"/>
        <line num="114" type="stmt" count="0"/>
        <line num="115" type="stmt" count="0"/>
        <line num="117" type="stmt" count="0"/>
        <line num="118" type="stmt" count="0"/>
        <line num="119" type="stmt" count="0"/>
        <line num="120" type="stmt" count="0"/>
        <line num="121" type="stmt" count="0"/>
        <line num="122" type="stmt" count="0"/>
        <line num="123" type="stmt" count="0"/>
        <line num="124" type="stmt" count="0"/>
        <line num="126" type="stmt" count="0"/>
        <line num="127" type="stmt" count="0"/>
        <line num="128" type="stmt" count="0"/>
        <line num="130" type="stmt" count="0"/>
        <line num="131" type="stmt" count="0"/>
        <line num="132" type="stmt" count="0"/>
        <line num="133" type="stmt" count="0"/>
        <metrics loc="137" ncloc="115" classes="1" methods="3" coveredmethods="0" conditionals="0" coveredconditionals="0" statements="54" coveredstatements="0" elements="57" coveredelements="0"/>
      </file>
      <file name="/var/www/idp.amtgard.com/src/Controllers/Client/FacebookAuthController.php">
        <class name="Amtgard\IdP\Controllers\Client\FacebookAuthController" namespace="Amtgard\IdP\Controllers\Client">
          <metrics complexity="5" methods="3" coveredmethods="0" conditionals="0" coveredconditionals="0" statements="42" coveredstatements="0" elements="45" coveredelements="0"/>
        </class>
        <line num="24" type="method" name="__construct" visibility="public" complexity="1" crap="2" count="0"/>
        <line num="32" type="stmt" count="0"/>
        <line num="33" type="stmt" count="0"/>
        <line num="34" type="stmt" count="0"/>
        <line num="35" type="stmt" count="0"/>
        <line num="46" type="method" name="redirectToFacebook" visibility="public" complexity="1" crap="2" count="0"/>
        <line num="48" type="stmt" count="0"/>
        <line num="49" type="stmt" count="0"/>
        <line num="50" type="stmt" count="0"/>
        <line num="52" type="stmt" count="0"/>
        <line num="54" type="stmt" count="0"/>
        <line num="55" type="stmt" count="0"/>
        <line num="56" type="stmt" count="0"/>
        <line num="66" type="method" name="handleFacebookCallback" visibility="public" complexity="3" crap="12" count="0"/>
        <line num="68" type="stmt" count="0"/>
        <line num="70" type="stmt" count="0"/>
        <line num="72" type="stmt" count="0"/>
        <line num="73" type="stmt" count="0"/>
        <line num="74" type="stmt" count="0"/>
        <line num="79" type="stmt" count="0"/>
        <line num="80" type="stmt" count="0"/>
        <line num="81" type="stmt" count="0"/>
        <line num="84" type="stmt" count="0"/>
        <line num="87" type="stmt" count="0"/>
        <line num="88" type="stmt" count="0"/>
        <line num="90" type="stmt" count="0"/>
        <line num="92" type="stmt" count="0"/>
        <line num="93" type="stmt" count="0"/>
        <line num="94" type="stmt" count="0"/>
        <line num="95" type="stmt" count="0"/>
        <line num="97" type="stmt" count="0"/>
        <line num="98" type="stmt" count="0"/>
        <line num="99" type="stmt" count="0"/>
        <line num="100" type="stmt" count="0"/>
        <line num="101" type="stmt" count="0"/>
        <line num="102" type="stmt" count="0"/>
        <line num="103" type="stmt" count="0"/>
        <line num="104" type="stmt" count="0"/>
        <line num="106" type="stmt" count="0"/>
        <line num="107" type="stmt" count="0"/>
        <line num="108" type="stmt" count="0"/>
        <line num="110" type="stmt" count="0"/>
        <line num="111" type="stmt" count="0"/>
        <line num="112" type="stmt" count="0"/>
        <line num="113" type="stmt" count="0"/>
        <metrics loc="117" ncloc="100" classes="1" methods="3" coveredmethods="0" conditionals="0" coveredconditionals="0" statements="42" coveredstatements="0" elements="45" coveredelements="0"/>
      </file>
      <file name="/var/www/idp.amtgard.com/src/Controllers/Client/GoogleAuthController.php">
        <class name="Amtgard\IdP\Controllers\Client\GoogleAuthController" namespace="Amtgard\IdP\Controllers\Client">
          <metrics complexity="5" methods="3" coveredmethods="0" conditionals="0" coveredconditionals="0" statements="46" coveredstatements="0" elements="49" coveredelements="0"/>
        </class>
        <line num="25" type="method" name="__construct" visibility="public" complexity="1" crap="2" count="0"/>
        <line num="33" type="stmt" count="0"/>
        <line num="34" type="stmt" count="0"/>
        <line num="35" type="stmt" count="0"/>
        <line num="36" type="stmt" count="0"/>
        <line num="47" type="method" name="redirectToGoogle" visibility="public" complexity="1" crap="2" count="0"/>
        <line num="49" type="stmt" count="0"/>
        <line num="50" type="stmt" count="0"/>
        <line num="51" type="stmt" count="0"/>
        <line num="52" type="stmt" count="0"/>
        <line num="53" type="stmt" count="0"/>
        <line num="55" type="stmt" count="0"/>
        <line num="57" type="stmt" count="0"/>
        <line num="58" type="stmt" count="0"/>
        <line num="59" type="stmt" count="0"/>
        <line num="61" type="stmt" count="0"/>
        <line num="62" type="stmt" count="0"/>
        <line num="63" type="stmt" count="0"/>
        <line num="73" type="method" name="handleGoogleCallback" visibility="public" complexity="3" crap="12" count="0"/>
        <line num="75" type="stmt" count="0"/>
        <line num="77" type="stmt" count="0"/>
        <line num="79" type="stmt" count="0"/>
        <line num="80" type="stmt" count="0"/>
        <line num="81" type="stmt" count="0"/>
        <line num="86" type="stmt" count="0"/>
        <line num="87" type="stmt" count="0"/>
        <line num="88" type="stmt" count="0"/>
        <line num="91" type="stmt" count="0"/>
        <line num="92" type="stmt" count="0"/>
        <line num="94" type="stmt" count="0"/>
        <line num="96" type="stmt" count="0"/>
        <line num="97" type="stmt" count="0"/>
        <line num="98" type="stmt" count="0"/>
        <line num="99" type="stmt" count="0"/>
        <line num="101" type="stmt" count="0"/>
        <line num="102" type="stmt" count="0"/>
        <line num="103" type="stmt" count="0"/>
        <line num="104" type="stmt" count="0"/>
        <line num="105" type="stmt" count="0"/>
        <line num="106" type="stmt" count="0"/>
        <line num="107" type="stmt" count="0"/>
        <line num="108" type="stmt" count="0"/>
        <line num="110" type="stmt" count="0"/>
        <line num="111" type="stmt" count="0"/>
        <line num="112" type="stmt" count="0"/>
        <line num="114" type="stmt" count="0"/>
        <line num="115" type="stmt" count="0"/>
        <line num="116" type="stmt" count="0"/>
        <line num="117" type="stmt" count="0"/>
        <metrics loc="122" ncloc="106" classes="1" methods="3" coveredmethods="0" conditionals="0" coveredconditionals="0" statements="46" coveredstatements="0" elements="49" coveredelements="0"/>
      </file>
    </package>
    <package name="Amtgard\IdP\Controllers">
      <file name="/var/www/idp.amtgard.com/src/Controllers/HomeController.php">
        <class name="Amtgard\IdP\Controllers\HomeController" namespace="Amtgard\IdP\Controllers">
          <metrics complexity="2" methods="2" coveredmethods="2" conditionals="0" coveredconditionals="0" statements="8" coveredstatements="8" elements="10" coveredelements="10"/>
        </class>
        <line num="14" type="method" name="__construct" visibility="public" complexity="1" crap="1" count="1"/>
        <line num="16" type="stmt" count="1"/>
        <line num="26" type="method" name="index" visibility="public" complexity="1" crap="1" count="1"/>
        <line num="28" type="stmt" count="1"/>
        <line num="29" type="stmt" count="1"/>
        <line num="31" type="stmt" count="1"/>
        <line num="32" type="stmt" count="1"/>
        <line num="33" type="stmt" count="1"/>
        <line num="34" type="stmt" count="1"/>
        <line num="36" type="stmt" count="1"/>
        <metrics loc="38" ncloc="31" classes="1" methods="2" coveredmethods="2" conditionals="0" coveredconditionals="0" statements="8" coveredstatements="8" elements="10" coveredelements="10"/>
      </file>
      <file name="/var/www/idp.amtgard.com/src/Controllers/SwaggerController.php">
        <class name="Amtgard\IdP\Controllers\SwaggerController" namespace="Amtgard\IdP\Controllers">
          <metrics complexity="6" methods="5" coveredmethods="5" conditionals="0" coveredconditionals="0" statements="17" coveredstatements="17" elements="22" coveredelements="22"/>
        </class>
        <line num="15" type="method" name="__construct" visibility="public" complexity="1" crap="1" count="5"/>
        <line num="17" type="stmt" count="5"/>
        <line num="20" type="method" name="documentation" visibility="public" complexity="1" crap="1" count="1"/>
        <line num="22" type="stmt" count="1"/>
        <line num="23" type="stmt" count="1"/>
        <line num="26" type="method" name="openapi" visibility="public" complexity="1" crap="1" count="1"/>
        <line num="28" type="stmt" count="1"/>
        <line num="29" type="stmt" count="1"/>
        <line num="30" type="stmt" count="1"/>
        <line num="31" type="stmt" count="1"/>
        <line num="32" type="stmt" count="1"/>
        <line num="33" type="stmt" count="1"/>
        <line num="36" type="method" name="docsify" visibility="public" complexity="1" crap="1" count="1"/>
        <line num="38" type="stmt" count="1"/>
        <line num="39" type="stmt" count="1"/>
        <line num="42" type="method" name="docsifyContent" visibility="public" complexity="2" crap="2" count="2"/>
        <line num="44" type="stmt" count="2"/>
        <line num="45" type="stmt" count="2"/>
        <line num="46" type="stmt" count="1"/>
        <line num="47" type="stmt" count="1"/>
        <line num="49" type="stmt" count="1"/>
        <line num="50" type="stmt" count="1"/>
        <metrics loc="53" ncloc="53" classes="1" methods="5" coveredmethods="5" conditionals="0" coveredconditionals="0" statements="17" coveredstatements="17" elements="22" coveredelements="22"/>
      </file>
    </package>
    <package name="Amtgard\IdP\Controllers\Management">
      <file name="/var/www/idp.amtgard.com/src/Controllers/Management/ManagementController.php">
        <class name="Amtgard\IdP\Controllers\Management\ManagementController" namespace="Amtgard\IdP\Controllers\Management">
          <metrics complexity="9" methods="6" coveredmethods="6" conditionals="0" coveredconditionals="0" statements="79" coveredstatements="79" elements="85" coveredelements="85"/>
        </class>
        <line num="29" type="method" name="__construct" visibility="public" complexity="1" crap="1" count="5"/>
        <line num="39" type="stmt" count="5"/>
        <line num="40" type="stmt" count="5"/>
        <line num="41" type="stmt" count="5"/>
        <line num="42" type="stmt" count="5"/>
        <line num="43" type="stmt" count="5"/>
        <line num="44" type="stmt" count="5"/>
        <line num="45" type="stmt" count="5"/>
        <line num="48" type="method" name="cleanTokens" visibility="public" complexity="2" crap="2" count="2"/>
        <line num="50" type="stmt" count="2"/>
        <line num="53" type="stmt" count="2"/>
        <line num="54" type="stmt" count="1"/>
        <line num="55" type="stmt" count="1"/>
        <line num="56" type="stmt" count="1"/>
        <line num="61" type="stmt" count="1"/>
        <line num="63" type="stmt" count="1"/>
        <line num="64" type="stmt" count="1"/>
        <line num="65" type="stmt" count="1"/>
        <line num="66" type="stmt" count="1"/>
        <line num="67" type="stmt" count="1"/>
        <line num="68" type="stmt" count="1"/>
        <line num="72" type="method" name="listClients" visibility="public" complexity="1" crap="1" count="1"/>
        <line num="74" type="stmt" count="1"/>
        <line num="75" type="stmt" count="1"/>
        <line num="76" type="stmt" count="1"/>
        <line num="77" type="stmt" count="1"/>
        <line num="78" type="stmt" count="1"/>
        <line num="79" type="stmt" count="1"/>
        <line num="80" type="stmt" count="1"/>
        <line num="81" type="stmt" count="1"/>
        <line num="82" type="stmt" count="1"/>
        <line num="83" type="stmt" count="1"/>
        <line num="84" type="stmt" count="1"/>
        <line num="85" type="stmt" count="1"/>
        <line num="86" type="stmt" count="1"/>
        <line num="87" type="stmt" count="1"/>
        <line num="89" type="stmt" count="1"/>
        <line num="91" type="stmt" count="1"/>
        <line num="92" type="stmt" count="1"/>
        <line num="93" type="stmt" count="1"/>
        <line num="94" type="stmt" count="1"/>
        <line num="95" type="stmt" count="1"/>
        <line num="96" type="stmt" count="1"/>
        <line num="99" type="method" name="createClient" visibility="public" complexity="1" crap="1" count="1"/>
        <line num="101" type="stmt" count="1"/>
        <line num="104" type="stmt" count="1"/>
        <line num="105" type="stmt" count="1"/>
        <line num="107" type="stmt" count="1"/>
        <line num="108" type="stmt" count="1"/>
        <line num="109" type="stmt" count="1"/>
        <line num="110" type="stmt" count="1"/>
        <line num="111" type="stmt" count="1"/>
        <line num="112" type="stmt" count="1"/>
        <line num="113" type="stmt" count="1"/>
        <line num="114" type="stmt" count="1"/>
        <line num="115" type="stmt" count="1"/>
        <line num="116" type="stmt" count="1"/>
        <line num="118" type="stmt" count="1"/>
        <line num="120" type="stmt" count="1"/>
        <line num="121" type="stmt" count="1"/>
        <line num="122" type="stmt" count="1"/>
        <line num="125" type="method" name="updateClient" visibility="public" complexity="2" crap="2" count="1"/>
        <line num="127" type="stmt" count="1"/>
        <line num="128" type="stmt" count="1"/>
        <line num="130" type="stmt" count="1"/>
        <line num="131" type="stmt" count="1"/>
        <line num="133" type="stmt" count="1"/>
        <line num="134" type="stmt" count="1"/>
        <line num="135" type="stmt" count="1"/>
        <line num="136" type="stmt" count="1"/>
        <line num="137" type="stmt" count="1"/>
        <line num="138" type="stmt" count="1"/>
        <line num="139" type="stmt" count="1"/>
        <line num="140" type="stmt" count="1"/>
        <line num="142" type="stmt" count="1"/>
        <line num="145" type="stmt" count="1"/>
        <line num="146" type="stmt" count="1"/>
        <line num="147" type="stmt" count="1"/>
        <line num="150" type="method" name="generateClientSecret" visibility="private" complexity="2" crap="2" count="1"/>
        <line num="152" type="stmt" count="1"/>
        <line num="153" type="stmt" count="1"/>
        <line num="154" type="stmt" count="1"/>
        <line num="155" type="stmt" count="1"/>
        <line num="156" type="stmt" count="1"/>
        <line num="158" type="stmt" count="1"/>
        <metrics loc="160" ncloc="156" classes="1" methods="6" coveredmethods="6" conditionals="0" coveredconditionals="0" statements="79" coveredstatements="79" elements="85" coveredelements="85"/>
      </file>
    </package>
    <package name="Amtgard\IdP\Controllers\Resource">
      <file name="/var/www/idp.amtgard.com/src/Controllers/Resource/ClientResourcesController.php">
        <class name="Amtgard\IdP\Controllers\Resource\ClientResourcesController" namespace="Amtgard\IdP\Controllers\Resource">
          <metrics complexity="48" methods="25" coveredmethods="13" conditionals="0" coveredconditionals="0" statements="149" coveredstatements="75" elements="174" coveredelements="88"/>
        </class>
        <line num="28" type="method" name="__construct" visibility="public" complexity="1" crap="1" count="10"/>
        <line num="34" type="stmt" count="10"/>
        <line num="36" type="method" name="addPolicyClaim" visibility="public" complexity="3" crap="12" count="0"/>
        <line num="61" type="stmt" count="0"/>
        <line num="62" type="stmt" count="0"/>
        <line num="63" type="stmt" count="0"/>
        <line num="64" type="stmt" count="0"/>
        <line num="65" type="stmt" count="0"/>
        <line num="69" type="stmt" count="0"/>
        <line num="70" type="stmt" count="0"/>
        <line num="71" type="stmt" count="0"/>
        <line num="72" type="stmt" count="0"/>
        <line num="73" type="stmt" count="0"/>
        <line num="74" type="stmt" count="0"/>
        <line num="75" type="stmt" count="0"/>
        <line num="76" type="stmt" count="0"/>
        <line num="77" type="stmt" count="0"/>
        <line num="78" type="stmt" count="0"/>
        <line num="79" type="stmt" count="0"/>
        <line num="80" type="stmt" count="0"/>
        <line num="83" type="stmt" count="0"/>
        <line num="86" type="method" name="deletePolicyClaim" visibility="public" complexity="3" crap="12" count="0"/>
        <line num="111" type="stmt" count="0"/>
        <line num="112" type="stmt" count="0"/>
        <line num="113" type="stmt" count="0"/>
        <line num="114" type="stmt" count="0"/>
        <line num="115" type="stmt" count="0"/>
        <line num="119" type="stmt" count="0"/>
        <line num="120" type="stmt" count="0"/>
        <line num="121" type="stmt" count="0"/>
        <line num="122" type="stmt" count="0"/>
        <line num="123" type="stmt" count="0"/>
        <line num="124" type="stmt" count="0"/>
        <line num="125" type="stmt" count="0"/>
        <line num="126" type="stmt" count="0"/>
        <line num="127" type="stmt" count="0"/>
        <line num="130" type="stmt" count="0"/>
        <line num="133" type="method" name="listPolicyClaims" visibility="public" complexity="2" crap="6" count="0"/>
        <line num="146" type="stmt" count="0"/>
        <line num="147" type="stmt" count="0"/>
        <line num="148" type="stmt" count="0"/>
        <line num="149" type="stmt" count="0"/>
        <line num="152" type="stmt" count="0"/>
        <line num="153" type="stmt" count="0"/>
        <line num="154" type="stmt" count="0"/>
        <line num="155" type="stmt" count="0"/>
        <line num="156" type="stmt" count="0"/>
        <line num="158" type="stmt" count="0"/>
        <line num="161" type="method" name="upsertUserMetadata" visibility="public" complexity="4" crap="4.05" count="1"/>
        <line num="187" type="stmt" count="1"/>
        <line num="188" type="stmt" count="1"/>
        <line num="189" type="stmt" count="1"/>
        <line num="190" type="stmt" count="1"/>
        <line num="191" type="stmt" count="0"/>
        <line num="195" type="stmt" count="1"/>
        <line num="196" type="stmt" count="1"/>
        <line num="197" type="stmt" count="1"/>
        <line num="198" type="stmt" count="1"/>
        <line num="199" type="stmt" count="1"/>
        <line num="200" type="stmt" count="1"/>
        <line num="201" type="stmt" count="1"/>
        <line num="202" type="stmt" count="1"/>
        <line num="203" type="stmt" count="1"/>
        <line num="204" type="stmt" count="1"/>
        <line num="205" type="stmt" count="1"/>
        <line num="206" type="stmt" count="1"/>
        <line num="207" type="stmt" count="0"/>
        <line num="208" type="stmt" count="0"/>
        <line num="211" type="stmt" count="1"/>
        <line num="214" type="method" name="getUserMetadata" visibility="public" complexity="2" crap="6" count="0"/>
        <line num="235" type="stmt" count="0"/>
        <line num="236" type="stmt" count="0"/>
        <line num="237" type="stmt" count="0"/>
        <line num="238" type="stmt" count="0"/>
        <line num="241" type="stmt" count="0"/>
        <line num="243" type="stmt" count="0"/>
        <line num="244" type="stmt" count="0"/>
        <line num="245" type="stmt" count="0"/>
        <line num="246" type="stmt" count="0"/>
        <line num="247" type="stmt" count="0"/>
        <line num="248" type="stmt" count="0"/>
        <line num="249" type="stmt" count="0"/>
        <line num="252" type="method" name="deleteUserMetadata" visibility="public" complexity="2" crap="6" count="0"/>
        <line num="273" type="stmt" count="0"/>
        <line num="274" type="stmt" count="0"/>
        <line num="275" type="stmt" count="0"/>
        <line num="276" type="stmt" count="0"/>
        <line num="279" type="stmt" count="0"/>
        <line num="280" type="stmt" count="0"/>
        <line num="282" type="stmt" count="0"/>
        <line num="285" type="method" name="getServiceFormat" visibility="public" complexity="1" crap="1" count="2"/>
        <line num="297" type="stmt" count="2"/>
        <line num="299" type="stmt" count="2"/>
        <line num="302" type="method" name="createServiceFormat" visibility="public" complexity="2" crap="2" count="4"/>
        <line num="330" type="stmt" count="4"/>
        <line num="332" type="stmt" count="4"/>
        <line num="333" type="stmt" count="1"/>
        <line num="336" type="stmt" count="3"/>
        <line num="339" type="method" name="replaceServiceFormat" visibility="public" complexity="1" crap="1" count="3"/>
        <line num="366" type="stmt" count="3"/>
        <line num="368" type="stmt" count="3"/>
        <line num="371" type="method" name="registeredClient" visibility="private" complexity="1" crap="1" count="10"/>
        <line num="374" type="stmt" count="10"/>
        <line num="375" type="stmt" count="10"/>
        <line num="378" type="method" name="requireUser" visibility="private" complexity="2" crap="2.03" count="1"/>
        <line num="380" type="stmt" count="1"/>
        <line num="381" type="stmt" count="0"/>
        <line num="384" type="stmt" count="1"/>
        <line num="385" type="stmt" count="1"/>
        <line num="386" type="stmt" count="1"/>
        <line num="393" type="method" name="requireUserAndLogin" visibility="private" complexity="2" crap="2.06" count="1"/>
        <line num="395" type="stmt" count="1"/>
        <line num="396" type="stmt" count="1"/>
        <line num="397" type="stmt" count="0"/>
        <line num="400" type="stmt" count="1"/>
        <line num="406" type="method" name="requireUserAndLoginFromQuery" visibility="private" complexity="2" crap="6" count="0"/>
        <line num="411" type="stmt" count="0"/>
        <line num="412" type="stmt" count="0"/>
        <line num="413" type="stmt" count="0"/>
        <line num="416" type="stmt" count="0"/>
        <line num="422" type="method" name="requireLoginForUser" visibility="private" complexity="2" crap="2.03" count="1"/>
        <line num="424" type="stmt" count="1"/>
        <line num="425" type="stmt" count="0"/>
        <line num="428" type="stmt" count="1"/>
        <line num="429" type="stmt" count="1"/>
        <line num="430" type="stmt" count="1"/>
        <line num="433" type="method" name="hasNonEmptyPublicId" visibility="private" complexity="2" crap="2" count="1"/>
        <line num="435" type="stmt" count="1"/>
        <line num="436" type="stmt" count="1"/>
        <line num="437" type="stmt" count="1"/>
        <line num="440" type="method" name="hasPositiveInteger" visibility="private" complexity="2" crap="2" count="1"/>
        <line num="442" type="stmt" count="1"/>
        <line num="443" type="stmt" count="1"/>
        <line num="444" type="stmt" count="1"/>
        <line num="447" type="method" name="trimmedClaimPart" visibility="private" complexity="1" crap="2" count="0"/>
        <line num="449" type="stmt" count="0"/>
        <line num="452" type="method" name="invalidateUserCache" visibility="private" complexity="1" crap="1" count="1"/>
        <line num="454" type="stmt" count="1"/>
        <line num="457" type="method" name="json" visibility="private" complexity="1" crap="1" count="6"/>
        <line num="459" type="stmt" count="6"/>
        <line num="460" type="stmt" count="6"/>
        <line num="463" type="method" name="jsonError" visibility="private" complexity="1" crap="1" count="4"/>
        <line num="465" type="stmt" count="4"/>
        <line num="468" type="method" name="saveServiceFormat" visibility="private" complexity="2" crap="2" count="6"/>
        <line num="471" type="stmt" count="6"/>
        <line num="472" type="stmt" count="3"/>
        <line num="473" type="stmt" count="3"/>
        <line num="474" type="stmt" count="3"/>
        <line num="475" type="stmt" count="3"/>
        <line num="476" type="stmt" count="3"/>
        <line num="479" type="stmt" count="3"/>
        <line num="485" type="method" name="encodedServiceFormatFromBody" visibility="private" complexity="4" crap="4.03" count="6"/>
        <line num="487" type="stmt" count="6"/>
        <line num="488" type="stmt" count="1"/>
        <line num="491" type="stmt" count="5"/>
        <line num="492" type="stmt" count="5"/>
        <line num="493" type="stmt" count="5"/>
        <line num="495" type="stmt" count="3"/>
        <line num="496" type="stmt" count="0"/>
        <line num="499" type="stmt" count="3"/>
        <line num="505" type="method" name="serviceFormatPayload" visibility="private" complexity="2" crap="2" count="2"/>
        <line num="507" type="stmt" count="2"/>
        <line num="508" type="stmt" count="2"/>
        <line num="510" type="stmt" count="2"/>
        <line num="511" type="stmt" count="2"/>
        <line num="512" type="stmt" count="2"/>
        <line num="513" type="stmt" count="2"/>
        <line num="514" type="stmt" count="2"/>
        <line num="515" type="stmt" count="2"/>
        <line num="516" type="stmt" count="2"/>
        <line num="517" type="stmt" count="2"/>
        <line num="520" type="method" name="hasConfiguredServiceFormat" visibility="private" complexity="2" crap="2" count="6"/>
        <line num="522" type="stmt" count="6"/>
        <line num="524" type="stmt" count="6"/>
        <metrics loc="527" ncloc="510" classes="1" methods="25" coveredmethods="13" conditionals="0" coveredconditionals="0" statements="149" coveredstatements="75" elements="174" coveredelements="88"/>
      </file>
      <file name="/var/www/idp.amtgard.com/src/Controllers/Resource/LowLatencyController.php">
        <class name="Amtgard\IdP\Controllers\Resource\LowLatencyController" namespace="Amtgard\IdP\Controllers\Resource">
          <metrics complexity="12" methods="2" coveredmethods="2" conditionals="0" coveredconditionals="0" statements="37" coveredstatements="37" elements="39" coveredelements="39"/>
        </class>
        <line num="21" type="method" name="__construct" visibility="public" complexity="1" crap="1" count="7"/>
        <line num="26" type="stmt" count="7"/>
        <line num="27" type="stmt" count="7"/>
        <line num="28" type="stmt" count="7"/>
        <line num="31" type="method" name="validate" visibility="public" complexity="11" crap="11" count="7"/>
        <line num="56" type="stmt" count="7"/>
        <line num="58" type="stmt" count="7"/>
        <line num="59" type="stmt" count="2"/>
        <line num="62" type="stmt" count="5"/>
        <line num="63" type="stmt" count="5"/>
        <line num="64" type="stmt" count="5"/>
        <line num="66" type="stmt" count="5"/>
        <line num="67" type="stmt" count="1"/>
        <line num="71" type="stmt" count="4"/>
        <line num="73" type="stmt" count="4"/>
        <line num="74" type="stmt" count="1"/>
        <line num="75" type="stmt" count="1"/>
        <line num="76" type="stmt" count="1"/>
        <line num="77" type="stmt" count="1"/>
        <line num="78" type="stmt" count="1"/>
        <line num="79" type="stmt" count="1"/>
        <line num="82" type="stmt" count="4"/>
        <line num="83" type="stmt" count="4"/>
        <line num="84" type="stmt" count="1"/>
        <line num="85" type="stmt" count="1"/>
        <line num="86" type="stmt" count="1"/>
        <line num="87" type="stmt" count="1"/>
        <line num="88" type="stmt" count="1"/>
        <line num="91" type="stmt" count="4"/>
        <line num="92" type="stmt" count="1"/>
        <line num="95" type="stmt" count="3"/>
        <line num="96" type="stmt" count="3"/>
        <line num="97" type="stmt" count="3"/>
        <line num="98" type="stmt" count="3"/>
        <line num="99" type="stmt" count="3"/>
        <line num="101" type="stmt" count="3"/>
        <line num="102" type="stmt" count="3"/>
        <line num="104" type="stmt" count="3"/>
        <line num="105" type="stmt" count="3"/>
        <metrics loc="108" ncloc="107" classes="1" methods="2" coveredmethods="2" conditionals="0" coveredconditionals="0" statements="37" coveredstatements="37" elements="39" coveredelements="39"/>
      </file>
      <file name="/var/www/idp.amtgard.com/src/Controllers/Resource/OpenApi.php">
        <class name="Amtgard\IdP\Controllers\Resource\OpenApi" namespace="Amtgard\IdP\Controllers\Resource">
          <metrics complexity="0" methods="0" coveredmethods="0" conditionals="0" coveredconditionals="0" statements="0" coveredstatements="0" elements="0" coveredelements="0"/>
        </class>
        <metrics loc="56" ncloc="55" classes="0" methods="0" coveredmethods="0" conditionals="0" coveredconditionals="0" statements="0" coveredstatements="0" elements="0" coveredelements="0"/>
      </file>
      <file name="/var/www/idp.amtgard.com/src/Controllers/Resource/ResourcesController.php">
        <class name="Amtgard\IdP\Controllers\Resource\ResourcesController" namespace="Amtgard\IdP\Controllers\Resource">
          <metrics complexity="32" methods="10" coveredmethods="6" conditionals="0" coveredconditionals="0" statements="178" coveredstatements="140" elements="188" coveredelements="146"/>
        </class>
        <line num="47" type="method" name="__construct" visibility="public" complexity="1" crap="1" count="16"/>
        <line num="64" type="stmt" count="16"/>
        <line num="65" type="stmt" count="16"/>
        <line num="66" type="stmt" count="16"/>
        <line num="67" type="stmt" count="16"/>
        <line num="68" type="stmt" count="16"/>
        <line num="69" type="stmt" count="16"/>
        <line num="70" type="stmt" count="16"/>
        <line num="71" type="stmt" count="16"/>
        <line num="72" type="stmt" count="16"/>
        <line num="73" type="stmt" count="16"/>
        <line num="74" type="stmt" count="16"/>
        <line num="75" type="stmt" count="16"/>
        <line num="76" type="stmt" count="16"/>
        <line num="77" type="stmt" count="16"/>
        <line num="80" type="method" name="getJwt" visibility="public" complexity="3" crap="3" count="3"/>
        <line num="106" type="stmt" count="3"/>
        <line num="107" type="stmt" count="3"/>
        <line num="108" type="stmt" count="1"/>
        <line num="112" type="stmt" count="2"/>
        <line num="113" type="stmt" count="1"/>
        <line num="114" type="stmt" count="1"/>
        <line num="115" type="stmt" count="1"/>
        <line num="116" type="stmt" count="1"/>
        <line num="117" type="stmt" count="1"/>
        <line num="118" type="stmt" count="1"/>
        <line num="121" type="stmt" count="1"/>
        <line num="122" type="stmt" count="1"/>
        <line num="123" type="stmt" count="1"/>
        <line num="124" type="stmt" count="1"/>
        <line num="125" type="stmt" count="1"/>
        <line num="127" type="stmt" count="1"/>
        <line num="128" type="stmt" count="1"/>
        <line num="131" type="method" name="jsonPolicyError" visibility="private" complexity="1" crap="1" count="2"/>
        <line num="133" type="stmt" count="2"/>
        <line num="134" type="stmt" count="2"/>
        <line num="135" type="stmt" count="2"/>
        <line num="136" type="stmt" count="2"/>
        <line num="139" type="method" name="userinfo" visibility="public" complexity="4" crap="4" count="3"/>
        <line num="188" type="stmt" count="3"/>
        <line num="189" type="stmt" count="3"/>
        <line num="190" type="stmt" count="1"/>
        <line num="194" type="stmt" count="2"/>
        <line num="195" type="stmt" count="1"/>
        <line num="196" type="stmt" count="1"/>
        <line num="197" type="stmt" count="1"/>
        <line num="198" type="stmt" count="1"/>
        <line num="199" type="stmt" count="1"/>
        <line num="200" type="stmt" count="1"/>
        <line num="203" type="stmt" count="1"/>
        <line num="204" type="stmt" count="1"/>
        <line num="205" type="stmt" count="1"/>
        <line num="206" type="stmt" count="1"/>
        <line num="207" type="stmt" count="1"/>
        <line num="209" type="stmt" count="1"/>
        <line num="210" type="stmt" count="1"/>
        <line num="211" type="stmt" count="1"/>
        <line num="212" type="stmt" count="1"/>
        <line num="213" type="stmt" count="1"/>
        <line num="214" type="stmt" count="1"/>
        <line num="215" type="stmt" count="1"/>
        <line num="216" type="stmt" count="1"/>
        <line num="217" type="stmt" count="1"/>
        <line num="218" type="stmt" count="1"/>
        <line num="219" type="stmt" count="1"/>
        <line num="220" type="stmt" count="1"/>
        <line num="221" type="stmt" count="1"/>
        <line num="222" type="stmt" count="1"/>
        <line num="223" type="stmt" count="1"/>
        <line num="224" type="stmt" count="1"/>
        <line num="225" type="stmt" count="1"/>
        <line num="228" type="stmt" count="1"/>
        <line num="229" type="stmt" count="1"/>
        <line num="232" type="method" name="authorizations" visibility="public" complexity="2" crap="2" count="2"/>
        <line num="261" type="stmt" count="2"/>
        <line num="262" type="stmt" count="2"/>
        <line num="263" type="stmt" count="1"/>
        <line num="266" type="stmt" count="1"/>
        <line num="268" type="stmt" count="1"/>
        <line num="269" type="stmt" count="1"/>
        <line num="279" type="method" name="profile" visibility="public" complexity="3" crap="3" count="3"/>
        <line num="281" type="stmt" count="3"/>
        <line num="282" type="stmt" count="3"/>
        <line num="283" type="stmt" count="3"/>
        <line num="284" type="stmt" count="3"/>
        <line num="286" type="stmt" count="3"/>
        <line num="288" type="stmt" count="3"/>
        <line num="289" type="stmt" count="3"/>
        <line num="290" type="stmt" count="3"/>
        <line num="291" type="stmt" count="3"/>
        <line num="292" type="stmt" count="3"/>
        <line num="294" type="stmt" count="2"/>
        <line num="295" type="stmt" count="1"/>
        <line num="296" type="stmt" count="1"/>
        <line num="297" type="stmt" count="1"/>
        <line num="298" type="stmt" count="1"/>
        <line num="299" type="stmt" count="1"/>
        <line num="300" type="stmt" count="1"/>
        <line num="301" type="stmt" count="1"/>
        <line num="302" type="stmt" count="1"/>
        <line num="303" type="stmt" count="1"/>
        <line num="307" type="stmt" count="3"/>
        <line num="308" type="stmt" count="3"/>
        <line num="309" type="stmt" count="3"/>
        <line num="310" type="stmt" count="3"/>
        <line num="311" type="stmt" count="3"/>
        <line num="312" type="stmt" count="3"/>
        <line num="313" type="stmt" count="3"/>
        <line num="314" type="stmt" count="3"/>
        <line num="315" type="stmt" count="3"/>
        <line num="317" type="stmt" count="3"/>
        <line num="321" type="method" name="linkOrkAccount" visibility="public" complexity="4" crap="4.00" count="3"/>
        <line num="323" type="stmt" count="3"/>
        <line num="324" type="stmt" count="3"/>
        <line num="325" type="stmt" count="3"/>
        <line num="327" type="stmt" count="3"/>
        <line num="328" type="stmt" count="3"/>
        <line num="329" type="stmt" count="1"/>
        <line num="332" type="stmt" count="2"/>
        <line num="333" type="stmt" count="2"/>
        <line num="334" type="stmt" count="1"/>
        <line num="335" type="stmt" count="1"/>
        <line num="338" type="stmt" count="1"/>
        <line num="339" type="stmt" count="1"/>
        <line num="341" type="stmt" count="1"/>
        <line num="343" type="stmt" count="1"/>
        <line num="344" type="stmt" count="0"/>
        <line num="347" type="stmt" count="1"/>
        <line num="349" type="stmt" count="1"/>
        <line num="351" type="stmt" count="1"/>
        <line num="354" type="method" name="refreshOrkAccount" visibility="public" complexity="4" crap="4.30" count="1"/>
        <line num="356" type="stmt" count="1"/>
        <line num="357" type="stmt" count="1"/>
        <line num="358" type="stmt" count="0"/>
        <line num="361" type="stmt" count="1"/>
        <line num="362" type="stmt" count="1"/>
        <line num="363" type="stmt" count="0"/>
        <line num="366" type="stmt" count="1"/>
        <line num="367" type="stmt" count="1"/>
        <line num="369" type="stmt" count="1"/>
        <line num="371" type="stmt" count="1"/>
        <line num="372" type="stmt" count="0"/>
        <line num="373" type="stmt" count="0"/>
        <line num="376" type="stmt" count="1"/>
        <line num="378" type="stmt" count="1"/>
        <line num="380" type="stmt" count="1"/>
        <line num="391" type="method" name="linkOrkProfile" visibility="public" complexity="6" crap="42" count="0"/>
        <line num="438" type="stmt" count="0"/>
        <line num="439" type="stmt" count="0"/>
        <line num="440" type="stmt" count="0"/>
        <line num="441" type="stmt" count="0"/>
        <line num="442" type="stmt" count="0"/>
        <line num="443" type="stmt" count="0"/>
        <line num="444" type="stmt" count="0"/>
        <line num="445" type="stmt" count="0"/>
        <line num="446" type="stmt" count="0"/>
        <line num="448" type="stmt" count="0"/>
        <line num="449" type="stmt" count="0"/>
        <line num="450" type="stmt" count="0"/>
        <line num="453" type="stmt" count="0"/>
        <line num="454" type="stmt" count="0"/>
        <line num="455" type="stmt" count="0"/>
        <line num="456" type="stmt" count="0"/>
        <line num="457" type="stmt" count="0"/>
        <line num="459" type="stmt" count="0"/>
        <line num="462" type="stmt" count="0"/>
        <line num="463" type="stmt" count="0"/>
        <line num="464" type="stmt" count="0"/>
        <line num="465" type="stmt" count="0"/>
        <line num="466" type="stmt" count="0"/>
        <line num="467" type="stmt" count="0"/>
        <line num="468" type="stmt" count="0"/>
        <line num="469" type="stmt" count="0"/>
        <line num="470" type="stmt" count="0"/>
        <line num="471" type="stmt" count="0"/>
        <line num="473" type="stmt" count="0"/>
        <line num="476" type="stmt" count="0"/>
        <line num="477" type="stmt" count="0"/>
        <line num="480" type="method" name="revokeAuthorization" visibility="public" complexity="4" crap="4.18" count="1"/>
        <line num="483" type="stmt" count="1"/>
        <line num="484" type="stmt" count="1"/>
        <line num="485" type="stmt" count="0"/>
        <line num="488" type="stmt" count="1"/>
        <line num="489" type="stmt" count="1"/>
        <line num="491" type="stmt" count="1"/>
        <line num="492" type="stmt" count="0"/>
        <line num="496" type="stmt" count="1"/>
        <line num="502" type="stmt" count="1"/>
        <metrics loc="504" ncloc="484" classes="1" methods="10" coveredmethods="6" conditionals="0" coveredconditionals="0" statements="178" coveredstatements="140" elements="188" coveredelements="146"/>
      </file>
    </package>
    <package name="Amtgard\IdP\Controllers\Server">
      <file name="/var/www/idp.amtgard.com/src/Controllers/Server/OAuth2ServerController.php">
        <class name="Amtgard\IdP\Controllers\Server\OAuth2ServerController" namespace="Amtgard\IdP\Controllers\Server">
          <metrics complexity="45" methods="15" coveredmethods="11" conditionals="0" coveredconditionals="0" statements="199" coveredstatements="185" elements="214" coveredelements="196"/>
        </class>
        <line num="35" type="method" name="__construct" visibility="public" complexity="1" crap="1" count="18"/>
        <line num="46" type="stmt" count="18"/>
        <line num="47" type="stmt" count="18"/>
        <line num="48" type="stmt" count="18"/>
        <line num="49" type="stmt" count="18"/>
        <line num="50" type="stmt" count="18"/>
        <line num="51" type="stmt" count="18"/>
        <line num="52" type="stmt" count="18"/>
        <line num="53" type="stmt" count="18"/>
        <line num="56" type="method" name="token" visibility="public" complexity="3" crap="3" count="3"/>
        <line num="59" type="stmt" count="3"/>
        <line num="60" type="stmt" count="2"/>
        <line num="61" type="stmt" count="1"/>
        <line num="62" type="stmt" count="1"/>
        <line num="63" type="stmt" count="1"/>
        <line num="67" type="method" name="approve" visibility="public" complexity="10" crap="10.34" count="5"/>
        <line num="70" type="stmt" count="5"/>
        <line num="71" type="stmt" count="4"/>
        <line num="72" type="stmt" count="4"/>
        <line num="73" type="stmt" count="4"/>
        <line num="75" type="stmt" count="4"/>
        <line num="76" type="stmt" count="3"/>
        <line num="79" type="stmt" count="3"/>
        <line num="81" type="stmt" count="3"/>
        <line num="82" type="stmt" count="3"/>
        <line num="86" type="stmt" count="3"/>
        <line num="88" type="stmt" count="3"/>
        <line num="89" type="stmt" count="3"/>
        <line num="93" type="stmt" count="2"/>
        <line num="94" type="stmt" count="2"/>
        <line num="95" type="stmt" count="2"/>
        <line num="99" type="stmt" count="1"/>
        <line num="100" type="stmt" count="1"/>
        <line num="103" type="stmt" count="1"/>
        <line num="104" type="stmt" count="1"/>
        <line num="105" type="stmt" count="1"/>
        <line num="108" type="stmt" count="1"/>
        <line num="109" type="stmt" count="1"/>
        <line num="110" type="stmt" count="1"/>
        <line num="111" type="stmt" count="1"/>
        <line num="112" type="stmt" count="1"/>
        <line num="113" type="stmt" count="1"/>
        <line num="115" type="stmt" count="1"/>
        <line num="116" type="stmt" count="1"/>
        <line num="117" type="stmt" count="1"/>
        <line num="118" type="stmt" count="1"/>
        <line num="119" type="stmt" count="1"/>
        <line num="120" type="stmt" count="1"/>
        <line num="121" type="stmt" count="1"/>
        <line num="123" type="stmt" count="1"/>
        <line num="124" type="stmt" count="1"/>
        <line num="125" type="stmt" count="0"/>
        <line num="126" type="stmt" count="0"/>
        <line num="127" type="stmt" count="0"/>
        <line num="128" type="stmt" count="0"/>
        <line num="129" type="stmt" count="0"/>
        <line num="130" type="stmt" count="0"/>
        <line num="131" type="stmt" count="0"/>
        <line num="132" type="stmt" count="0"/>
        <line num="133" type="stmt" count="1"/>
        <line num="134" type="stmt" count="1"/>
        <line num="135" type="stmt" count="1"/>
        <line num="136" type="stmt" count="1"/>
        <line num="137" type="stmt" count="1"/>
        <line num="138" type="stmt" count="1"/>
        <line num="139" type="stmt" count="1"/>
        <line num="140" type="stmt" count="1"/>
        <line num="141" type="stmt" count="1"/>
        <line num="142" type="stmt" count="1"/>
        <line num="146" type="method" name="clearAuthentication" visibility="public" complexity="2" crap="2" count="1"/>
        <line num="148" type="stmt" count="1"/>
        <line num="149" type="stmt" count="1"/>
        <line num="151" type="stmt" count="1"/>
        <line num="154" type="method" name="clearAuthorizationAndApproval" visibility="public" complexity="3" crap="3" count="1"/>
        <line num="156" type="stmt" count="1"/>
        <line num="157" type="stmt" count="1"/>
        <line num="159" type="stmt" count="1"/>
        <line num="160" type="stmt" count="1"/>
        <line num="162" type="stmt" count="1"/>
        <line num="165" type="method" name="authorize" visibility="public" complexity="8" crap="8.07" count="7"/>
        <line num="169" type="stmt" count="7"/>
        <line num="171" type="stmt" count="7"/>
        <line num="172" type="stmt" count="3"/>
        <line num="174" type="stmt" count="0"/>
        <line num="177" type="stmt" count="3"/>
        <line num="178" type="stmt" count="1"/>
        <line num="179" type="stmt" count="0"/>
        <line num="180" type="stmt" count="0"/>
        <line num="181" type="stmt" count="0"/>
        <line num="183" type="stmt" count="1"/>
        <line num="187" type="stmt" count="2"/>
        <line num="188" type="stmt" count="1"/>
        <line num="191" type="stmt" count="1"/>
        <line num="192" type="stmt" count="4"/>
        <line num="193" type="stmt" count="2"/>
        <line num="194" type="stmt" count="2"/>
        <line num="195" type="stmt" count="2"/>
        <line num="196" type="stmt" count="2"/>
        <line num="197" type="stmt" count="2"/>
        <line num="199" type="stmt" count="2"/>
        <line num="200" type="stmt" count="1"/>
        <line num="201" type="stmt" count="1"/>
        <line num="202" type="stmt" count="1"/>
        <line num="203" type="stmt" count="1"/>
        <line num="204" type="stmt" count="1"/>
        <line num="205" type="stmt" count="1"/>
        <line num="206" type="stmt" count="1"/>
        <line num="207" type="stmt" count="1"/>
        <line num="210" type="stmt" count="1"/>
        <line num="211" type="stmt" count="2"/>
        <line num="212" type="stmt" count="2"/>
        <line num="213" type="stmt" count="2"/>
        <line num="214" type="stmt" count="2"/>
        <line num="215" type="stmt" count="2"/>
        <line num="216" type="stmt" count="2"/>
        <line num="217" type="stmt" count="2"/>
        <line num="218" type="stmt" count="2"/>
        <line num="219" type="stmt" count="2"/>
        <line num="220" type="stmt" count="2"/>
        <line num="239" type="method" name="buildPostAuthenticationRedirectUrl" visibility="public" complexity="1" crap="1.00" count="1"/>
        <line num="244" type="stmt" count="1"/>
        <line num="246" type="stmt" count="1"/>
        <line num="247" type="stmt" count="0"/>
        <line num="248" type="stmt" count="1"/>
        <line num="250" type="stmt" count="1"/>
        <line num="251" type="stmt" count="1"/>
        <line num="252" type="stmt" count="1"/>
        <line num="253" type="stmt" count="1"/>
        <line num="254" type="stmt" count="1"/>
        <line num="255" type="stmt" count="1"/>
        <line num="256" type="stmt" count="1"/>
        <line num="257" type="stmt" count="1"/>
        <line num="258" type="stmt" count="1"/>
        <line num="259" type="stmt" count="1"/>
        <line num="261" type="stmt" count="1"/>
        <line num="264" type="method" name="userIsAuthenticated" visibility="private" complexity="2" crap="2" count="3"/>
        <line num="266" type="stmt" count="3"/>
        <line num="269" type="method" name="authenticateUser" visibility="private" complexity="1" crap="1" count="1"/>
        <line num="271" type="stmt" count="1"/>
        <line num="272" type="stmt" count="1"/>
        <line num="273" type="stmt" count="1"/>
        <line num="274" type="stmt" count="1"/>
        <line num="275" type="stmt" count="1"/>
        <line num="278" type="method" name="clientAuthorizationIsApproved" visibility="private" complexity="5" crap="5.03" count="2"/>
        <line num="280" type="stmt" count="2"/>
        <line num="281" type="stmt" count="1"/>
        <line num="284" type="stmt" count="1"/>
        <line num="286" type="stmt" count="1"/>
        <line num="287" type="stmt" count="1"/>
        <line num="288" type="stmt" count="1"/>
        <line num="289" type="stmt" count="1"/>
        <line num="290" type="stmt" count="1"/>
        <line num="291" type="stmt" count="1"/>
        <line num="295" type="stmt" count="0"/>
        <line num="298" type="method" name="requestUserAuthorizationOfClient" visibility="private" complexity="1" crap="1" count="1"/>
        <line num="300" type="stmt" count="1"/>
        <line num="301" type="stmt" count="1"/>
        <line num="302" type="stmt" count="1"/>
        <line num="304" type="stmt" count="1"/>
        <line num="306" type="stmt" count="1"/>
        <line num="307" type="stmt" count="1"/>
        <line num="308" type="stmt" count="1"/>
        <line num="309" type="stmt" count="1"/>
        <line num="310" type="stmt" count="1"/>
        <line num="311" type="stmt" count="1"/>
        <line num="312" type="stmt" count="1"/>
        <line num="313" type="stmt" count="1"/>
        <line num="314" type="stmt" count="1"/>
        <line num="315" type="stmt" count="1"/>
        <line num="316" type="stmt" count="1"/>
        <line num="317" type="stmt" count="1"/>
        <line num="318" type="stmt" count="1"/>
        <line num="321" type="method" name="finalizeAuthorization" visibility="private" complexity="3" crap="3" count="1"/>
        <line num="323" type="stmt" count="1"/>
        <line num="325" type="stmt" count="1"/>
        <line num="327" type="stmt" count="1"/>
        <line num="328" type="stmt" count="1"/>
        <line num="330" type="stmt" count="1"/>
        <line num="331" type="stmt" count="1"/>
        <line num="334" type="stmt" count="1"/>
        <line num="337" type="method" name="authorizePost" visibility="public" complexity="1" crap="1" count="1"/>
        <line num="339" type="stmt" count="1"/>
        <line num="342" type="method" name="renderOAuthFlowError" visibility="private" complexity="3" crap="3" count="4"/>
        <line num="351" type="stmt" count="4"/>
        <line num="352" type="stmt" count="3"/>
        <line num="353" type="stmt" count="3"/>
        <line num="354" type="stmt" count="3"/>
        <line num="355" type="stmt" count="3"/>
        <line num="356" type="stmt" count="3"/>
        <line num="359" type="stmt" count="4"/>
        <line num="360" type="stmt" count="4"/>
        <line num="361" type="stmt" count="4"/>
        <line num="362" type="stmt" count="4"/>
        <line num="363" type="stmt" count="4"/>
        <line num="364" type="stmt" count="4"/>
        <line num="365" type="stmt" count="4"/>
        <line num="366" type="stmt" count="4"/>
        <line num="367" type="stmt" count="4"/>
        <line num="369" type="stmt" count="4"/>
        <line num="372" type="method" name="renderOAuthTokenError" visibility="private" complexity="1" crap="1" count="1"/>
        <line num="374" type="stmt" count="1"/>
        <line num="375" type="stmt" count="1"/>
        <line num="376" type="stmt" count="1"/>
        <line num="377" type="stmt" count="1"/>
        <line num="378" type="stmt" count="1"/>
        <line num="380" type="stmt" count="1"/>
        <line num="381" type="stmt" count="1"/>
        <line num="382" type="stmt" count="1"/>
        <line num="383" type="stmt" count="1"/>
        <line num="384" type="stmt" count="1"/>
        <line num="385" type="stmt" count="1"/>
        <line num="387" type="stmt" count="1"/>
        <line num="388" type="stmt" count="1"/>
        <line num="389" type="stmt" count="1"/>
        <metrics loc="392" ncloc="368" classes="1" methods="15" coveredmethods="11" conditionals="0" coveredconditionals="0" statements="199" coveredstatements="185" elements="214" coveredelements="196"/>
      </file>
    </package>
    <package name="Amtgard\IdP\Middleware">
      <file name="/var/www/idp.amtgard.com/src/Middleware/CachedJwtLocalIdpAuthMiddleware.php">
        <class name="Amtgard\IdP\Middleware\CachedJwtLocalIdpAuthMiddleware" namespace="Amtgard\IdP\Middleware">
          <metrics complexity="5" methods="2" coveredmethods="2" conditionals="0" coveredconditionals="0" statements="27" coveredstatements="27" elements="29" coveredelements="29"/>
        </class>
        <line num="26" type="method" name="__construct" visibility="public" complexity="1" crap="1" count="3"/>
        <line num="33" type="stmt" count="3"/>
        <line num="34" type="stmt" count="3"/>
        <line num="35" type="stmt" count="3"/>
        <line num="36" type="stmt" count="3"/>
        <line num="37" type="stmt" count="3"/>
        <line num="40" type="method" name="process" visibility="public" complexity="4" crap="4" count="3"/>
        <line num="42" type="stmt" count="3"/>
        <line num="43" type="stmt" count="3"/>
        <line num="45" type="stmt" count="2"/>
        <line num="46" type="stmt" count="2"/>
        <line num="47" type="stmt" count="2"/>
        <line num="48" type="stmt" count="2"/>
        <line num="49" type="stmt" count="2"/>
        <line num="50" type="stmt" count="2"/>
        <line num="52" type="stmt" count="2"/>
        <line num="53" type="stmt" count="1"/>
        <line num="54" type="stmt" count="1"/>
        <line num="55" type="stmt" count="1"/>
        <line num="58" type="stmt" count="1"/>
        <line num="59" type="stmt" count="1"/>
        <line num="61" type="stmt" count="1"/>
        <line num="62" type="stmt" count="1"/>
        <line num="63" type="stmt" count="1"/>
        <line num="64" type="stmt" count="1"/>
        <line num="65" type="stmt" count="1"/>
        <line num="66" type="stmt" count="1"/>
        <line num="67" type="stmt" count="1"/>
        <line num="70" type="stmt" count="1"/>
        <metrics loc="73" ncloc="73" classes="1" methods="2" coveredmethods="2" conditionals="0" coveredconditionals="0" statements="27" coveredstatements="27" elements="29" coveredelements="29"/>
      </file>
      <file name="/var/www/idp.amtgard.com/src/Middleware/ClientRestrictedAuthMiddleware.php">
        <class name="Amtgard\IdP\Middleware\ClientRestrictedAuthMiddleware" namespace="Amtgard\IdP\Middleware">
          <metrics complexity="6" methods="2" coveredmethods="1" conditionals="0" coveredconditionals="0" statements="26" coveredstatements="25" elements="28" coveredelements="26"/>
        </class>
        <line num="25" type="method" name="__construct" visibility="public" complexity="1" crap="1" count="4"/>
        <line num="33" type="stmt" count="4"/>
        <line num="34" type="stmt" count="4"/>
        <line num="35" type="stmt" count="4"/>
        <line num="36" type="stmt" count="4"/>
        <line num="42" type="method" name="process" visibility="public" complexity="5" crap="5" count="4"/>
        <line num="44" type="stmt" count="4"/>
        <line num="45" type="stmt" count="1"/>
        <line num="48" type="stmt" count="3"/>
        <line num="49" type="stmt" count="2"/>
        <line num="50" type="stmt" count="2"/>
        <line num="51" type="stmt" count="2"/>
        <line num="53" type="stmt" count="2"/>
        <line num="54" type="stmt" count="0"/>
        <line num="57" type="stmt" count="2"/>
        <line num="58" type="stmt" count="1"/>
        <line num="59" type="stmt" count="1"/>
        <line num="60" type="stmt" count="1"/>
        <line num="62" type="stmt" count="1"/>
        <line num="63" type="stmt" count="1"/>
        <line num="64" type="stmt" count="1"/>
        <line num="65" type="stmt" count="1"/>
        <line num="66" type="stmt" count="1"/>
        <line num="67" type="stmt" count="1"/>
        <line num="68" type="stmt" count="1"/>
        <line num="69" type="stmt" count="1"/>
        <line num="70" type="stmt" count="1"/>
        <line num="71" type="stmt" count="1"/>
        <metrics loc="74" ncloc="71" classes="1" methods="2" coveredmethods="1" conditionals="0" coveredconditionals="0" statements="26" coveredstatements="25" elements="28" coveredelements="26"/>
      </file>
      <file name="/var/www/idp.amtgard.com/src/Middleware/ConfidentialClientAuthMiddleware.php">
        <class name="Amtgard\IdP\Middleware\ConfidentialClientAuthMiddleware" namespace="Amtgard\IdP\Middleware">
          <metrics complexity="2" methods="2" coveredmethods="0" conditionals="0" coveredconditionals="0" statements="3" coveredstatements="0" elements="5" coveredelements="0"/>
        </class>
        <line num="21" type="method" name="__construct" visibility="public" complexity="1" crap="2" count="0"/>
        <line num="23" type="stmt" count="0"/>
        <line num="25" type="method" name="process" visibility="public" complexity="1" crap="2" count="0"/>
        <line num="27" type="stmt" count="0"/>
        <line num="29" type="stmt" count="0"/>
        <metrics loc="32" ncloc="28" classes="1" methods="2" coveredmethods="0" conditionals="0" coveredconditionals="0" statements="3" coveredstatements="0" elements="5" coveredelements="0"/>
      </file>
      <file name="/var/www/idp.amtgard.com/src/Middleware/ConfidentialClientBasicAuthMiddleware.php">
        <class name="Amtgard\IdP\Middleware\ConfidentialClientBasicAuthMiddleware" namespace="Amtgard\IdP\Middleware">
[...]
          <metrics complexity="24" methods="11" coveredmethods="8" conditionals="0" coveredconditionals="0" statements="55" coveredstatements="36" elements="66" coveredelements="44"/>
        </class>
        <line num="19" type="method" name="host" visibility="public" complexity="1" crap="1" count="9"/>
        <line num="21" type="stmt" count="9"/>
        <line num="24" type="method" name="port" visibility="public" complexity="1" crap="1" count="7"/>
        <line num="26" type="stmt" count="7"/>
        <line num="29" type="method" name="database" visibility="public" complexity="1" crap="1" count="5"/>
        <line num="31" type="stmt" count="5"/>
        <line num="34" type="method" name="queueName" visibility="public" complexity="1" crap="1" count="5"/>
        <line num="36" type="stmt" count="5"/>
        <line num="39" type="method" name="dataStructureConfig" visibility="public" complexity="1" crap="1" count="4"/>
        <line num="41" type="stmt" count="4"/>
        <line num="42" type="stmt" count="4"/>
        <line num="43" type="stmt" count="4"/>
        <line num="44" type="stmt" count="4"/>
        <line num="45" type="stmt" count="4"/>
        <line num="47" type="stmt" count="4"/>
        <line num="50" type="method" name="connect" visibility="public" complexity="4" crap="9.20" count="2"/>
        <line num="52" type="stmt" count="2"/>
        <line num="54" type="stmt" count="2"/>
        <line num="56" type="stmt" count="2"/>
        <line num="57" type="stmt" count="2"/>
        <line num="58" type="stmt" count="2"/>
        <line num="60" type="stmt" count="0"/>
        <line num="61" type="stmt" count="0"/>
        <line num="64" type="stmt" count="0"/>
        <line num="67" type="stmt" count="0"/>
        <line num="68" type="stmt" count="0"/>
        <line num="69" type="stmt" count="0"/>
        <line num="70" type="stmt" count="0"/>
        <line num="71" type="stmt" count="0"/>
        <line num="72" type="stmt" count="0"/>
        <line num="73" type="stmt" count="0"/>
        <line num="74" type="stmt" count="0"/>
        <line num="82" type="method" name="resolvedHost" visibility="private" complexity="4" crap="6.50" count="4"/>
        <line num="84" type="stmt" count="4"/>
        <line num="86" type="stmt" count="4"/>
        <line num="87" type="stmt" count="1"/>
        <line num="90" type="stmt" count="3"/>
        <line num="91" type="stmt" count="0"/>
        <line num="94" type="stmt" count="3"/>
        <line num="95" type="stmt" count="3"/>
        <line num="98" type="stmt" count="0"/>
        <line num="99" type="stmt" count="0"/>
        <line num="100" type="stmt" count="0"/>
        <line num="101" type="stmt" count="0"/>
        <line num="102" type="stmt" count="0"/>
        <line num="103" type="stmt" count="0"/>
        <line num="106" type="method" name="hostResolves" visibility="private" complexity="3" crap="3.33" count="3"/>
        <line num="108" type="stmt" count="3"/>
        <line num="109" type="stmt" count="0"/>
        <line num="112" type="stmt" count="3"/>
        <line num="115" type="method" name="isReachable" visibility="private" complexity="3" crap="3" count="3"/>
        <line num="117" type="stmt" count="3"/>
        <line num="120" type="stmt" count="3"/>
        <line num="121" type="stmt" count="3"/>
        <line num="122" type="stmt" count="3"/>
        <line num="124" type="stmt" count="3"/>
        <line num="125" type="stmt" count="3"/>
        <line num="133" type="method" name="hostCandidates" visibility="private" complexity="3" crap="3" count="6"/>
        <line num="135" type="stmt" count="6"/>
        <line num="136" type="stmt" count="6"/>
        <line num="137" type="stmt" count="1"/>
        <line num="141" type="stmt" count="5"/>
        <line num="144" type="method" name="selectDatabase" visibility="private" complexity="2" crap="2" count="2"/>
        <line num="146" type="stmt" count="2"/>
        <line num="147" type="stmt" count="2"/>
        <line num="148" type="stmt" count="1"/>
        <metrics loc="152" ncloc="138" classes="1" methods="11" coveredmethods="8" conditionals="0" coveredconditionals="0" statements="55" coveredstatements="36" elements="66" coveredelements="44"/>
      </file>
    </package>
    <package name="Amtgard\IdP\Utility\Security">
      <file name="/var/www/idp.amtgard.com/src/Utility/Security/ConfidentialClientAuthenticator.php">
        <class name="Amtgard\IdP\Utility\Security\ConfidentialClientAuthenticator" namespace="Amtgard\IdP\Utility\Security">
          <metrics complexity="6" methods="2" coveredmethods="0" conditionals="0" coveredconditionals="0" statements="29" coveredstatements="0" elements="31" coveredelements="0"/>
        </class>
        <line num="16" type="method" name="__construct" visibility="public" complexity="1" crap="2" count="0"/>
        <line num="19" type="stmt" count="0"/>
        <line num="21" type="method" name="authenticate" visibility="public" complexity="5" crap="30" count="0"/>
        <line num="23" type="stmt" count="0"/>
        <line num="24" type="stmt" count="0"/>
        <line num="25" type="stmt" count="0"/>
        <line num="27" type="stmt" count="0"/>
        <line num="28" type="stmt" count="0"/>
        <line num="29" type="stmt" count="0"/>
        <line num="32" type="stmt" count="0"/>
        <line num="33" type="stmt" count="0"/>
        <line num="34" type="stmt" count="0"/>
        <line num="35" type="stmt" count="0"/>
        <line num="36" type="stmt" count="0"/>
        <line num="37" type="stmt" count="0"/>
        <line num="38" type="stmt" count="0"/>
        <line num="39" type="stmt" count="0"/>
        <line num="40" type="stmt" count="0"/>
        <line num="43" type="stmt" count="0"/>
        <line num="44" type="stmt" count="0"/>
        <line num="45" type="stmt" count="0"/>
        <line num="47" type="stmt" count="0"/>
        <line num="48" type="stmt" count="0"/>
        <line num="51" type="stmt" count="0"/>
        <line num="52" type="stmt" count="0"/>
        <line num="53" type="stmt" count="0"/>
        <line num="54" type="stmt" count="0"/>
        <line num="55" type="stmt" count="0"/>
        <line num="56" type="stmt" count="0"/>
        <line num="57" type="stmt" count="0"/>
        <line num="60" type="stmt" count="0"/>
        <metrics loc="63" ncloc="63" classes="1" methods="2" coveredmethods="0" conditionals="0" coveredconditionals="0" statements="29" coveredstatements="0" elements="31" coveredelements="0"/>
      </file>
      <file name="/var/www/idp.amtgard.com/src/Utility/Security/CsrfTokenManager.php">
        <class name="Amtgard\IdP\Utility\Security\CsrfTokenManager" namespace="Amtgard\IdP\Utility\Security">
          <metrics complexity="6" methods="3" coveredmethods="3" conditionals="0" coveredconditionals="0" statements="8" coveredstatements="8" elements="11" coveredelements="11"/>
        </class>
        <line num="14" type="method" name="generate" visibility="public" complexity="1" crap="1" count="7"/>
        <line num="16" type="stmt" count="7"/>
        <line num="17" type="stmt" count="7"/>
        <line num="18" type="stmt" count="7"/>
        <line num="21" type="method" name="getOrCreate" visibility="public" complexity="1" crap="1" count="2"/>
        <line num="23" type="stmt" count="2"/>
        <line num="26" type="method" name="validate" visibility="public" complexity="4" crap="4" count="4"/>
        <line num="28" type="stmt" count="4"/>
        <line num="30" type="stmt" count="4"/>
        <line num="31" type="stmt" count="2"/>
        <line num="34" type="stmt" count="2"/>
        <metrics loc="37" ncloc="34" classes="1" methods="3" coveredmethods="3" conditionals="0" coveredconditionals="0" statements="8" coveredstatements="8" elements="11" coveredelements="11"/>
      </file>
      <file name="/var/www/idp.amtgard.com/src/Utility/Security/HttpBasicCredentialsParser.php">
        <class name="Amtgard\IdP\Utility\Security\HttpBasicCredentials" namespace="Amtgard\IdP\Utility\Security">
          <metrics complexity="1" methods="1" coveredmethods="0" conditionals="0" coveredconditionals="0" statements="1" coveredstatements="0" elements="2" coveredelements="0"/>
        </class>
        <class name="Amtgard\IdP\Utility\Security\HttpBasicCredentialsParser" namespace="Amtgard\IdP\Utility\Security">
          <metrics complexity="6" methods="3" coveredmethods="0" conditionals="0" coveredconditionals="0" statements="10" coveredstatements="0" elements="13" coveredelements="0"/>
        </class>
        <line num="11" type="method" name="__construct" visibility="public" complexity="1" crap="2" count="0"/>
        <line num="14" type="stmt" count="0"/>
        <line num="19" type="method" name="fromAuthorizationHeader" visibility="public" complexity="1" crap="2" count="0"/>
        <line num="21" type="stmt" count="0"/>
        <line num="22" type="stmt" count="0"/>
        <line num="25" type="method" name="matchBasicPayload" visibility="private" complexity="2" crap="6" count="0"/>
        <line num="27" type="stmt" count="0"/>
        <line num="28" type="stmt" count="0"/>
        <line num="31" type="stmt" count="0"/>
        <line num="34" type="method" name="decodePayload" visibility="private" complexity="3" crap="12" count="0"/>
        <line num="36" type="stmt" count="0"/>
        <line num="37" type="stmt" count="0"/>
        <line num="38" type="stmt" count="0"/>
        <line num="41" type="stmt" count="0"/>
        <line num="43" type="stmt" count="0"/>
        <metrics loc="46" ncloc="46" classes="2" methods="4" coveredmethods="0" conditionals="0" coveredconditionals="0" statements="11" coveredstatements="0" elements="15" coveredelements="0"/>
      </file>
      <file name="/var/www/idp.amtgard.com/src/Utility/Security/OAuth2StateManager.php">
        <class name="Amtgard\IdP\Utility\Security\OAuth2StateManager" namespace="Amtgard\IdP\Utility\Security">
          <metrics complexity="4" methods="2" coveredmethods="2" conditionals="0" coveredconditionals="0" statements="7" coveredstatements="7" elements="9" coveredelements="9"/>
        </class>
        <line num="13" type="method" name="store" visibility="public" complexity="1" crap="1" count="7"/>
        <line num="15" type="stmt" count="7"/>
        <line num="18" type="method" name="validateAndConsume" visibility="public" complexity="3" crap="3" count="7"/>
        <line num="20" type="stmt" count="7"/>
        <line num="22" type="stmt" count="7"/>
        <line num="23" type="stmt" count="5"/>
        <line num="24" type="stmt" count="5"/>
        <line num="27" type="stmt" count="2"/>
        <line num="28" type="stmt" count="2"/>
        <metrics loc="31" ncloc="28" classes="1" methods="2" coveredmethods="2" conditionals="0" coveredconditionals="0" statements="7" coveredstatements="7" elements="9" coveredelements="9"/>
      </file>
      <file name="/var/www/idp.amtgard.com/src/Utility/Security/OAuthCallbackValidator.php">
        <class name="Amtgard\IdP\Utility\Security\OAuthCallbackValidator" namespace="Amtgard\IdP\Utility\Security">
          <metrics complexity="3" methods="1" coveredmethods="1" conditionals="0" coveredconditionals="0" statements="6" coveredstatements="6" elements="7" coveredelements="7"/>
        </class>
        <line num="11" type="method" name="validate" visibility="public" complexity="3" crap="3" count="5"/>
        <line num="13" type="stmt" count="5"/>
        <line num="14" type="stmt" count="5"/>
        <line num="15" type="stmt" count="2"/>
        <line num="18" type="stmt" count="3"/>
        <line num="19" type="stmt" count="2"/>
        <line num="22" type="stmt" count="1"/>
        <metrics loc="25" ncloc="22" classes="1" methods="1" coveredmethods="1" conditionals="0" coveredconditionals="0" statements="6" coveredstatements="6" elements="7" coveredelements="7"/>
      </file>
      <file name="/var/www/idp.amtgard.com/src/Utility/Security/RedirectValidator.php">
        <class name="Amtgard\IdP\Utility\Security\RedirectValidator" namespace="Amtgard\IdP\Utility\Security">
          <metrics complexity="13" methods="3" coveredmethods="3" conditionals="0" coveredconditionals="0" statements="15" coveredstatements="15" elements="18" coveredelements="18"/>
        </class>
        <line num="11" type="method" name="isSafe" visibility="public" complexity="9" crap="9" count="15"/>
        <line num="13" type="stmt" count="15"/>
        <line num="14" type="stmt" count="3"/>
        <line num="17" type="stmt" count="12"/>
        <line num="18" type="stmt" count="1"/>
        <line num="21" type="stmt" count="12"/>
        <line num="22" type="stmt" count="7"/>
        <line num="25" type="stmt" count="5"/>
        <line num="26" type="stmt" count="1"/>
        <line num="29" type="stmt" count="5"/>
        <line num="30" type="stmt" count="5"/>
        <line num="31" type="stmt" count="1"/>
        <line num="34" type="stmt" count="4"/>
        <line num="35" type="stmt" count="4"/>
        <line num="38" type="method" name="sanitize" visibility="public" complexity="2" crap="2" count="7"/>
        <line num="40" type="stmt" count="7"/>
        <line num="43" type="method" name="sanitizeOrNull" visibility="public" complexity="2" crap="2" count="6"/>
        <line num="45" type="stmt" count="6"/>
        <metrics loc="48" ncloc="45" classes="1" methods="3" coveredmethods="3" conditionals="0" coveredconditionals="0" statements="15" coveredstatements="15" elements="18" coveredelements="18"/>
      </file>
      <file name="/var/www/idp.amtgard.com/src/Utility/Security/ScriptAlertResponse.php">
        <class name="Amtgard\IdP\Utility\Security\ScriptAlertResponse" namespace="Amtgard\IdP\Utility\Security">
          <metrics complexity="6" methods="5" coveredmethods="5" conditionals="0" coveredconditionals="0" statements="17" coveredstatements="17" elements="22" coveredelements="22"/>
        </class>
        <line num="11" type="method" name="alertAndRedirect" visibility="public" complexity="1" crap="1" count="15"/>
        <line num="13" type="stmt" count="15"/>
        <line num="15" type="stmt" count="15"/>
        <line num="16" type="stmt" count="15"/>
        <line num="18" type="stmt" count="15"/>
        <line num="21" type="method" name="oauthProviderError" visibility="public" complexity="1" crap="1" count="4"/>
        <line num="23" type="stmt" count="4"/>
        <line num="24" type="stmt" count="4"/>
        <line num="25" type="stmt" count="4"/>
        <line num="26" type="stmt" count="4"/>
        <line num="29" type="method" name="oauthProviderErrorIfPresent" visibility="public" complexity="2" crap="2" count="8"/>
        <line num="31" type="stmt" count="8"/>
        <line num="32" type="stmt" count="5"/>
        <line num="35" type="stmt" count="3"/>
        <line num="36" type="stmt" count="3"/>
        <line num="37" type="stmt" count="3"/>
        <line num="38" type="stmt" count="3"/>
        <line num="39" type="stmt" count="3"/>
        <line num="42" type="method" name="invalidOAuthState" visibility="public" complexity="1" crap="1" count="3"/>
        <line num="44" type="stmt" count="3"/>
        <line num="47" type="method" name="escapeForJsString" visibility="private" complexity="1" crap="1" count="15"/>
        <line num="49" type="stmt" count="15"/>
        <metrics loc="52" ncloc="49" classes="1" methods="5" coveredmethods="5" conditionals="0" coveredconditionals="0" statements="17" coveredstatements="17" elements="22" coveredelements="22"/>
      </file>
      <file name="/var/www/idp.amtgard.com/src/Utility/Security/SessionStorage.php">
        <class name="Amtgard\IdP\Utility\Security\SessionStorage" namespace="Amtgard\IdP\Utility\Security">
          <metrics complexity="19" methods="10" coveredmethods="7" conditionals="0" coveredconditionals="0" statements="41" coveredstatements="31" elements="51" coveredelements="38"/>
        </class>
        <line num="15" type="method" name="configure" visibility="public" complexity="3" crap="3.03" count="9"/>
        <line num="17" type="stmt" count="9"/>
        <line num="18" type="stmt" count="0"/>
        <line num="21" type="stmt" count="9"/>
        <line num="22" type="stmt" count="9"/>
        <line num="23" type="stmt" count="2"/>
        <line num="26" type="stmt" count="7"/>
        <line num="27" type="stmt" count="7"/>
        <line num="34" type="method" name="startSession" visibility="public" complexity="4" crap="4.07" count="3"/>
        <line num="36" type="stmt" count="3"/>
        <line num="37" type="stmt" count="0"/>
        <line num="40" type="stmt" count="3"/>
        <line num="42" type="stmt" count="3"/>
        <line num="43" type="stmt" count="2"/>
        <line num="46" type="stmt" count="3"/>
        <line num="49" type="method" name="redisHost" visibility="private" complexity="1" crap="1" count="9"/>
        <line num="51" type="stmt" count="9"/>
        <line num="54" type="method" name="redisPort" visibility="private" complexity="1" crap="1" count="7"/>
        <line num="56" type="stmt" count="7"/>
        <line num="59" type="method" name="redisDatabase" visibility="private" complexity="1" crap="1" count="7"/>
        <line num="61" type="stmt" count="7"/>
        <line num="64" type="method" name="redisPrefix" visibility="private" complexity="1" crap="1" count="7"/>
        <line num="66" type="stmt" count="7"/>
        <line num="69" type="method" name="redisSavePath" visibility="private" complexity="1" crap="1" count="7"/>
        <line num="71" type="stmt" count="7"/>
        <line num="72" type="stmt" count="7"/>
        <line num="73" type="stmt" count="7"/>
        <line num="74" type="stmt" count="7"/>
        <line num="75" type="stmt" count="7"/>
        <line num="76" type="stmt" count="7"/>
        <line num="77" type="stmt" count="7"/>
        <line num="80" type="method" name="usesRedisHandler" visibility="private" complexity="2" crap="2" count="3"/>
        <line num="82" type="stmt" count="3"/>
        <line num="85" type="method" name="redisBackendReachable" visibility="private" complexity="4" crap="6.99" count="2"/>
        <line num="87" type="stmt" count="2"/>
        <line num="88" type="stmt" count="0"/>
        <line num="91" type="stmt" count="2"/>
        <line num="94" type="stmt" count="2"/>
        <line num="95" type="stmt" count="2"/>
        <line num="96" type="stmt" count="0"/>
        <line num="97" type="stmt" count="0"/>
        <line num="100" type="stmt" count="0"/>
        <line num="101" type="stmt" count="0"/>
        <line num="102" type="stmt" count="0"/>
        <line num="104" type="stmt" count="0"/>
        <line num="106" type="stmt" count="0"/>
        <line num="107" type="stmt" count="2"/>
        <line num="108" type="stmt" count="2"/>
        <line num="112" type="method" name="useFileHandler" visibility="private" complexity="1" crap="1" count="2"/>
        <line num="115" type="stmt" count="2"/>
        <line num="116" type="stmt" count="2"/>
        <metrics loc="119" ncloc="110" classes="1" methods="10" coveredmethods="7" conditionals="0" coveredconditionals="0" statements="41" coveredstatements="31" elements="51" coveredelements="38"/>
      </file>
    </package>
    <file name="/var/www/idp.amtgard.com/src/register_orn_definitions.php">
      <line num="10" type="stmt" count="0"/>
      <line num="11" type="stmt" count="0"/>
      <metrics loc="12" ncloc="12" classes="0" methods="0" coveredmethods="0" conditionals="0" coveredconditionals="0" statements="2" coveredstatements="0" elements="2" coveredelements="0"/>
    </file>
    <metrics files="105" loc="7832" ncloc="7296" classes="88" methods="395" coveredmethods="164" conditionals="0" coveredconditionals="0" statements="2516" coveredstatements="1262" elements="2911" coveredelements="1426"/>
  </project>
</coverage>
